<?xml version="1.0" encoding="UTF-8"?>
<!-- Generated by org.testng.reporters.JUnitReportReporter -->
<testsuite skipped="0" hostname="Marifats-MacBook-Pro.local" name="com.weatherbase.tests.HomePageTesting" tests="1" failures="0" timestamp="14 Mar 2018 20:14:11 GMT" time="36.403" errors="0">
  <testcase name="test" time="36.403" classname="com.weatherbase.tests.HomePageTesting"/>
</testsuite> <!-- com.weatherbase.tests.HomePageTesting -->
