<?xml version="1.0" encoding="UTF-8"?>
<!-- Generated by org.testng.reporters.JUnitReportReporter -->
<testsuite skipped="0" hostname="Marifats-MacBook-Pro.local" name="com.weatherbase.tests.HomePageTesting" tests="1" failures="0" timestamp="15 Mar 2018 18:31:23 GMT" time="32.278" errors="0">
  <testcase name="calculatingValuesAfterSelecting" time="32.278" classname="com.weatherbase.tests.HomePageTesting"/>
</testsuite> <!-- com.weatherbase.tests.HomePageTesting -->
