<?xml version="1.0" encoding="UTF-8"?>
<!-- Generated by org.testng.reporters.JUnitReportReporter -->
<testsuite skipped="0" hostname="Marifats-MacBook-Pro.local" name="com.weatherbase.tests.HomePageTesting" tests="1" failures="0" timestamp="14 Mar 2018 22:51:28 GMT" time="30.922" errors="0">
  <testcase name="selectingDailyAvearges" time="30.922" classname="com.weatherbase.tests.HomePageTesting"/>
</testsuite> <!-- com.weatherbase.tests.HomePageTesting -->
