<?xml version="1.0" encoding="UTF-8"?>
<!-- Generated by org.testng.reporters.JUnitReportReporter -->
<testsuite skipped="0" hostname="Marifats-MacBook-Pro.local" name="com.weatherbase.tests.HomePageTesting" tests="2" failures="0" timestamp="14 Mar 2018 22:15:55 GMT" time="35.604" errors="0">
  <testcase name="selectingDailyAvearges" time="19.515" classname="com.weatherbase.tests.HomePageTesting"/>
  <testcase name="afterSelectingDailyAverage" time="16.089" classname="com.weatherbase.tests.HomePageTesting"/>
</testsuite> <!-- com.weatherbase.tests.HomePageTesting -->
