<?xml version="1.0" encoding="UTF-8"?>
<!-- Generated by org.testng.reporters.JUnitReportReporter -->
<testsuite skipped="0" hostname="Marifats-MacBook-Pro.local" name="com.weatherbase.tests.TestUsingMaven" tests="2" failures="0" timestamp="14 Mar 2018 21:35:49 GMT" time="5.648" errors="0">
  <testcase name="test" time="2.693" classname="com.weatherbase.tests.TestUsingMaven"/>
  <testcase name="test" time="2.955" classname="com.weatherbase.tests.TestUsingMaven"/>
</testsuite> <!-- com.weatherbase.tests.TestUsingMaven -->
